<?xml version="1.0" encoding="UTF-8"?>
<!-- Generated by org.testng.reporters.JUnitReportReporter -->
<testsuite hostname="DESKTOP-B13BOUI" failures="0" tests="1" name="testcases.DriverFactoryTest" time="13.809" errors="0" timestamp="2025-09-08T04:38:44 IST" skipped="0">
  <testcase classname="testcases.DriverFactoryTest" name="openSauceDemo" time="13.809"/>
</testsuite> <!-- testcases.DriverFactoryTest -->
