<?xml version="1.0" encoding="UTF-8"?>
<!-- Generated by org.testng.reporters.JUnitReportReporter -->
<testsuite hostname="DESKTOP-B13BOUI" failures="0" tests="11" name="runners.TestRunner" time="71.047" errors="0" timestamp="2025-09-08T03:51:01 IST" skipped="0">
  <testcase classname="runners.TestRunner" name="runScenario" time="5.373"/>
  <testcase classname="runners.TestRunner" name="runScenario" time="5.223"/>
  <testcase classname="runners.TestRunner" name="runScenario" time="5.547"/>
  <testcase classname="runners.TestRunner" name="runScenario" time="6.990"/>
  <testcase classname="runners.TestRunner" name="runScenario" time="5.569"/>
  <testcase classname="runners.TestRunner" name="runScenario" time="4.860"/>
  <testcase classname="runners.TestRunner" name="runScenario" time="5.085"/>
  <testcase classname="runners.TestRunner" name="runScenario" time="6.761"/>
  <testcase classname="runners.TestRunner" name="runScenario" time="10.170"/>
  <testcase classname="runners.TestRunner" name="runScenario" time="6.083"/>
  <testcase classname="runners.TestRunner" name="runScenario" time="9.386"/>
</testsuite> <!-- runners.TestRunner -->
