<?xml version="1.0" encoding="UTF-8"?>
<!-- Generated by org.testng.reporters.JUnitReportReporter -->
<testsuite hostname="DESKTOP-B13BOUI" failures="0" tests="4" name="testcases.SortingTest" time="35.000" errors="0" timestamp="2025-09-08T04:38:44 IST" skipped="0">
  <testcase classname="testcases.SortingTest" name="testSortZA" time="7.576"/>
  <testcase classname="testcases.SortingTest" name="testSortHighToLow" time="10.970"/>
  <testcase classname="testcases.SortingTest" name="testSortAZ" time="8.887"/>
  <testcase classname="testcases.SortingTest" name="testSortLowToHigh" time="7.567"/>
</testsuite> <!-- testcases.SortingTest -->
