<?xml version="1.0" encoding="UTF-8"?>
<!-- Generated by org.testng.reporters.JUnitReportReporter -->
<testsuite hostname="DESKTOP-B13BOUI" failures="0" tests="6" name="testcases.LoginTest" time="73.184" errors="0" timestamp="2025-09-08T04:38:44 IST" skipped="0">
  <testcase classname="testcases.LoginTest" name="testInvalidLogin" time="13.302"/>
  <testcase classname="testcases.LoginTest" name="testWrongUsernameCorrectPassword" time="10.596"/>
  <testcase classname="testcases.LoginTest" name="testLockedOutUserLogin" time="9.476"/>
  <testcase classname="testcases.LoginTest" name="testCorrectUsernameWrongPassword" time="22.644"/>
  <testcase classname="testcases.LoginTest" name="testValidLogin" time="9.091"/>
  <testcase classname="testcases.LoginTest" name="testAnotherUserLogin" time="8.075"/>
</testsuite> <!-- testcases.LoginTest -->
